#
# There is insufficient memory for the Java Runtime Environment to continue.
# Native memory allocation (malloc) failed to allocate 1048576 bytes for AllocateHeap
# Possible reasons:
#   The system is out of physical RAM or swap space
#   The process is running with CompressedOops enabled, and the Java Heap may be blocking the growth of the native heap
# Possible solutions:
#   Reduce memory load on the system
#   Increase physical memory or swap space
#   Check if swap backing store is full
#   Decrease Java heap size (-Xmx/-Xms)
#   Decrease number of Java threads
#   Decrease Java thread stack sizes (-Xss)
#   Set larger code cache with -XX:ReservedCodeCacheSize=
#   JVM is running with Unscaled Compressed Oops mode in which the Java heap is
#     placed in the first 4GB address space. The Java Heap base address is the
#     maximum limit for the native heap growth. Please use -XX:HeapBaseMinAddress
#     to set the Java Heap base and to place the Java Heap above 4GB virtual address.
# This output file may be truncated or incomplete.
#
#  Out of Memory Error (./src/hotspot/share/memory/allocation.cpp:46), pid=96312, tid=93532
#
# JRE version: OpenJDK Runtime Environment Temurin-11.0.18+10 (11.0.18+10) (build 11.0.18+10)
# Java VM: OpenJDK 64-Bit Server VM Temurin-11.0.18+10 (11.0.18+10, mixed mode, tiered, compressed oops, g1 gc, windows-amd64)
# No core dump will be written. Minidumps are not enabled by default on client versions of Windows
#

---------------  S U M M A R Y ------------

Command Line: -ea -Didea.test.cyclic.buffer.size=1048576 -javaagent:C:\Program Files\JetBrains\IntelliJ IDEA Community Edition 2022.3.1\lib\idea_rt.jar=59126:C:\Program Files\JetBrains\IntelliJ IDEA Community Edition 2022.3.1\bin -Dfile.encoding=UTF-8 com.intellij.rt.testng.RemoteTestNGStarter -usedefaultlisteners false -socket59125 @w@C:\Users\sevil\AppData\Local\Temp\idea_working_dirs_testng.tmp -temp C:\Users\sevil\AppData\Local\Temp\idea_testng.tmp

Host: Intel(R) Core(TM) i7-7500U CPU @ 2.70GHz, 4 cores, 7G,  Windows 10 , 64 bit Build 19041 (10.0.19041.2546)
Time: Tue Mar 28 00:00:07 2023 GTB Summer Time elapsed time: 3.898394 seconds (0d 0h 0m 3s)

---------------  T H R E A D  ---------------

Current thread (0x0000016d726be000):  VMThread "VM Thread" [stack: 0x0000000e33800000,0x0000000e33900000] [id=93532]

Stack: [0x0000000e33800000,0x0000000e33900000]
[error occurred during error reporting (printing stack bounds), id 0xc0000005, EXCEPTION_ACCESS_VIOLATION (0xc0000005) at pc=0x0000016d5c68112d]

Native frames: (J=compiled Java code, j=interpreted, Vv=VM code, C=native code)
V  [jvm.dll+0x64f2aa]
V  [jvm.dll+0x7e2769]
V  [jvm.dll+0x7e3e69]
V  [jvm.dll+0x7e44b5]
V  [jvm.dll+0x7e446b]
V  [jvm.dll+0x64e5b5]
V  [jvm.dll+0x64ecb8]
C  [ntdll.dll+0xa241f]
C  [ntdll.dll+0x514a4]
C  [ntdll.dll+0xa0f4e]
C  0x0000016d5c68112d

VM_Operation (0x0000000e332f8ac0): CollectForMetadataAllocation, mode: safepoint, requested by thread 0x0000016d53f15800


---------------  P R O C E S S  ---------------

Threads class SMR info:
_java_thread_list=0x0000016d740ad0b0, length=12, elements={
0x0000016d53f15800, 0x0000016d726d0800, 0x0000016d726da800, 0x0000016d73032800,
0x0000016d726c8800, 0x0000016d726cb000, 0x0000016d726e4000, 0x0000016d726eb800,
0x0000016d726ed800, 0x0000016d731a0800, 0x0000016d7352c800, 0x0000016d74652000
}

Java Threads: ( => current thread )
  0x0000016d53f15800 JavaThread "main" [_thread_blocked, id=76880, stack(0x0000000e33200000,0x0000000e33300000)]
  0x0000016d726d0800 JavaThread "Reference Handler" daemon [_thread_blocked, id=94972, stack(0x0000000e33900000,0x0000000e33a00000)]
  0x0000016d726da800 JavaThread "Finalizer" daemon [_thread_blocked, id=97592, stack(0x0000000e33a00000,0x0000000e33b00000)]
  0x0000016d73032800 JavaThread "Signal Dispatcher" daemon [_thread_blocked, id=8660, stack(0x0000000e33b00000,0x0000000e33c00000)]
  0x0000016d726c8800 JavaThread "Attach Listener" daemon [_thread_blocked, id=82652, stack(0x0000000e33c00000,0x0000000e33d00000)]
  0x0000016d726cb000 JavaThread "Service Thread" daemon [_thread_blocked, id=98996, stack(0x0000000e33d00000,0x0000000e33e00000)]
  0x0000016d726e4000 JavaThread "C2 CompilerThread0" daemon [_thread_blocked, id=78080, stack(0x0000000e33e00000,0x0000000e33f00000)]
  0x0000016d726eb800 JavaThread "C1 CompilerThread0" daemon [_thread_blocked, id=97244, stack(0x0000000e33f00000,0x0000000e34000000)]
  0x0000016d726ed800 JavaThread "Sweeper thread" daemon [_thread_blocked, id=80708, stack(0x0000000e34000000,0x0000000e34100000)]
  0x0000016d731a0800 JavaThread "Common-Cleaner" daemon [_thread_blocked, id=98792, stack(0x0000000e34100000,0x0000000e34200000)]
  0x0000016d7352c800 JavaThread "Monitor Ctrl-Break" daemon [_thread_in_native, id=96716, stack(0x0000000e34200000,0x0000000e34300000)]
  0x0000016d74652000 JavaThread "ForkJoinPool.commonPool-worker-3" daemon [_thread_blocked, id=85352, stack(0x0000000e34700000,0x0000000e34800000)]

Other Threads:
=>0x0000016d726be000 VMThread "VM Thread" [stack: 0x0000000e33800000,0x0000000e33900000] [id=93532]
  0x0000016d7352e000 WatcherThread [stack: 0x0000000e34300000,0x0000000e34400000] [id=85384]
  0x0000016d53f2e000 GCTaskThread "GC Thread#0" [stack: 0x0000000e33300000,0x0000000e33400000] [id=73616]
  0x0000016d73941800 GCTaskThread "GC Thread#1" [stack: 0x0000000e34400000,0x0000000e34500000] [id=82728]
  0x0000016d73942800 GCTaskThread "GC Thread#2" [stack: 0x0000000e34500000,0x0000000e34600000] [id=74060]
  0x0000016d53f5d800 ConcurrentGCThread "G1 Main Marker" [stack: 0x0000000e33400000,0x0000000e33500000] [id=90328]
  0x0000016d53f61000 ConcurrentGCThread "G1 Conc#0" [stack: 0x0000000e33500000,0x0000000e33600000] [id=95784]
  0x0000016d72504800 ConcurrentGCThread "G1 Refine#0" [stack: 0x0000000e33600000,0x0000000e33700000] [id=79328]
  0x0000016d72505000 ConcurrentGCThread "G1 Young RemSet Sampling" [stack: 0x0000000e33700000,0x0000000e33800000] [id=73448]

Threads with active compile tasks:
C2 CompilerThread0     3924 2179       4       jdk.internal.loader.URLClassPath::getResource (74 bytes)

VM state:at safepoint (normal execution)

VM Mutex/Monitor currently owned by a thread:  ([mutex/lock_event])
[0x0000016d53f12240] Threads_lock - owner thread: 0x0000016d726be000
[0x0000016d53f13440] Heap_lock - owner thread: 0x0000016d53f15800

Heap address: 0x0000000081800000, size: 2024 MB, Compressed Oops mode: 32-bit
Narrow klass base: 0x0000000000000000, Narrow klass shift: 3
Compressed class space size: 1073741824 Address: 0x0000000100000000

Heap:
 garbage-first heap   total 131072K, used 12939K [0x0000000081800000, 0x0000000100000000)
  region size 1024K, 6 young (6144K), 5 survivors (5120K)
 Metaspace       used 20702K, capacity 21235K, committed 21376K, reserved 1077248K
  class space    used 2099K, capacity 2315K, committed 2432K, reserved 1048576K
Heap Regions: E=young(eden), S=young(survivor), O=old, HS=humongous(starts), HC=humongous(continues), CS=collection set, F=free, A=archive, TAMS=top-at-mark-start (previous, next)
|   0|0x0000000081800000, 0x0000000081900000, 0x0000000081900000|100%| O|  |TAMS 0x0000000081800000, 0x0000000081900000| Untracked 
|   1|0x0000000081900000, 0x0000000081a00000, 0x0000000081a00000|100%| O|  |TAMS 0x0000000081900000, 0x0000000081a00000| Untracked 
|   2|0x0000000081a00000, 0x0000000081b00000, 0x0000000081b00000|100%| O|  |TAMS 0x0000000081a00000, 0x0000000081b00000| Untracked 
|   3|0x0000000081b00000, 0x0000000081c00000, 0x0000000081c00000|100%| O|  |TAMS 0x0000000081b00000, 0x0000000081c00000| Untracked 
|   4|0x0000000081c00000, 0x0000000081d00000, 0x0000000081d00000|100%| O|  |TAMS 0x0000000081c00000, 0x0000000081d00000| Untracked 
|   5|0x0000000081d00000, 0x0000000081e00000, 0x0000000081e00000|100%| O|  |TAMS 0x0000000081d00000, 0x0000000081e00000| Untracked 
|   6|0x0000000081e00000, 0x0000000081f00000, 0x0000000081f00000|100%| O|  |TAMS 0x0000000081e00000, 0x0000000081f00000| Untracked 
|   7|0x0000000081f00000, 0x0000000081fa2e00, 0x0000000082000000| 63%| O|  |TAMS 0x0000000081f00000, 0x0000000081fa2e00| Untracked 
|   8|0x0000000082000000, 0x0000000082000000, 0x0000000082100000|  0%| F|  |TAMS 0x0000000082000000, 0x0000000082000000| Untracked 
|   9|0x0000000082100000, 0x0000000082100000, 0x0000000082200000|  0%| F|  |TAMS 0x0000000082100000, 0x0000000082100000| Untracked 
|  10|0x0000000082200000, 0x0000000082200000, 0x0000000082300000|  0%| F|  |TAMS 0x0000000082200000, 0x0000000082200000| Untracked 
|  11|0x0000000082300000, 0x0000000082300000, 0x0000000082400000|  0%| F|  |TAMS 0x0000000082300000, 0x0000000082300000| Untracked 
|  12|0x0000000082400000, 0x0000000082400000, 0x0000000082500000|  0%| F|  |TAMS 0x0000000082400000, 0x0000000082400000| Untracked 
|  13|0x0000000082500000, 0x0000000082500000, 0x0000000082600000|  0%| F|  |TAMS 0x0000000082500000, 0x0000000082500000| Untracked 
|  14|0x0000000082600000, 0x0000000082600000, 0x0000000082700000|  0%| F|  |TAMS 0x0000000082600000, 0x0000000082600000| Untracked 
|  15|0x0000000082700000, 0x0000000082700000, 0x0000000082800000|  0%| F|  |TAMS 0x0000000082700000, 0x0000000082700000| Untracked 
|  16|0x0000000082800000, 0x0000000082800000, 0x0000000082900000|  0%| F|  |TAMS 0x0000000082800000, 0x0000000082800000| Untracked 
|  17|0x0000000082900000, 0x0000000082900000, 0x0000000082a00000|  0%| F|  |TAMS 0x0000000082900000, 0x0000000082900000| Untracked 
|  18|0x0000000082a00000, 0x0000000082a00000, 0x0000000082b00000|  0%| F|  |TAMS 0x0000000082a00000, 0x0000000082a00000| Untracked 
|  19|0x0000000082b00000, 0x0000000082b00000, 0x0000000082c00000|  0%| F|  |TAMS 0x0000000082b00000, 0x0000000082b00000| Untracked 
|  20|0x0000000082c00000, 0x0000000082c00000, 0x0000000082d00000|  0%| F|  |TAMS 0x0000000082c00000, 0x0000000082c00000| Untracked 
|  21|0x0000000082d00000, 0x0000000082d00000, 0x0000000082e00000|  0%| F|  |TAMS 0x0000000082d00000, 0x0000000082d00000| Untracked 
|  22|0x0000000082e00000, 0x0000000082e00000, 0x0000000082f00000|  0%| F|  |TAMS 0x0000000082e00000, 0x0000000082e00000| Untracked 
|  23|0x0000000082f00000, 0x0000000082f00000, 0x0000000083000000|  0%| F|  |TAMS 0x0000000082f00000, 0x0000000082f00000| Untracked 
|  24|0x0000000083000000, 0x0000000083000000, 0x0000000083100000|  0%| F|  |TAMS 0x0000000083000000, 0x0000000083000000| Untracked 
|  25|0x0000000083100000, 0x0000000083100000, 0x0000000083200000|  0%| F|  |TAMS 0x0000000083100000, 0x0000000083100000| Untracked 
|  26|0x0000000083200000, 0x0000000083200000, 0x0000000083300000|  0%| F|  |TAMS 0x0000000083200000, 0x0000000083200000| Untracked 
|  27|0x0000000083300000, 0x0000000083300000, 0x0000000083400000|  0%| F|  |TAMS 0x0000000083300000, 0x0000000083300000| Untracked 
|  28|0x0000000083400000, 0x0000000083400000, 0x0000000083500000|  0%| F|  |TAMS 0x0000000083400000, 0x0000000083400000| Untracked 
|  29|0x0000000083500000, 0x0000000083500000, 0x0000000083600000|  0%| F|  |TAMS 0x0000000083500000, 0x0000000083500000| Untracked 
|  30|0x0000000083600000, 0x0000000083600000, 0x0000000083700000|  0%| F|  |TAMS 0x0000000083600000, 0x0000000083600000| Untracked 
|  31|0x0000000083700000, 0x0000000083700000, 0x0000000083800000|  0%| F|  |TAMS 0x0000000083700000, 0x0000000083700000| Untracked 
|  32|0x0000000083800000, 0x0000000083800000, 0x0000000083900000|  0%| F|  |TAMS 0x0000000083800000, 0x0000000083800000| Untracked 
|  33|0x0000000083900000, 0x0000000083900000, 0x0000000083a00000|  0%| F|  |TAMS 0x0000000083900000, 0x0000000083900000| Untracked 
|  34|0x0000000083a00000, 0x0000000083a00000, 0x0000000083b00000|  0%| F|  |TAMS 0x0000000083a00000, 0x0000000083a00000| Untracked 
|  35|0x0000000083b00000, 0x0000000083b00000, 0x0000000083c00000|  0%| F|  |TAMS 0x0000000083b00000, 0x0000000083b00000| Untracked 
|  36|0x0000000083c00000, 0x0000000083c00000, 0x0000000083d00000|  0%| F|  |TAMS 0x0000000083c00000, 0x0000000083c00000| Untracked 
|  37|0x0000000083d00000, 0x0000000083d00000, 0x0000000083e00000|  0%| F|  |TAMS 0x0000000083d00000, 0x0000000083d00000| Untracked 
|  38|0x0000000083e00000, 0x0000000083e00000, 0x0000000083f00000|  0%| F|  |TAMS 0x0000000083e00000, 0x0000000083e00000| Untracked 
|  39|0x0000000083f00000, 0x0000000083f00000, 0x0000000084000000|  0%| F|  |TAMS 0x0000000083f00000, 0x0000000083f00000| Untracked 
|  40|0x0000000084000000, 0x0000000084000000, 0x0000000084100000|  0%| F|  |TAMS 0x0000000084000000, 0x0000000084000000| Untracked 
|  41|0x0000000084100000, 0x0000000084100000, 0x0000000084200000|  0%| F|  |TAMS 0x0000000084100000, 0x0000000084100000| Untracked 
|  42|0x0000000084200000, 0x0000000084200000, 0x0000000084300000|  0%| F|  |TAMS 0x0000000084200000, 0x0000000084200000| Untracked 
|  43|0x0000000084300000, 0x0000000084300000, 0x0000000084400000|  0%| F|  |TAMS 0x0000000084300000, 0x0000000084300000| Untracked 
|  44|0x0000000084400000, 0x0000000084400000, 0x0000000084500000|  0%| F|  |TAMS 0x0000000084400000, 0x0000000084400000| Untracked 
|  45|0x0000000084500000, 0x0000000084500000, 0x0000000084600000|  0%| F|  |TAMS 0x0000000084500000, 0x0000000084500000| Untracked 
|  46|0x0000000084600000, 0x0000000084600000, 0x0000000084700000|  0%| F|  |TAMS 0x0000000084600000, 0x0000000084600000| Untracked 
|  47|0x0000000084700000, 0x0000000084700000, 0x0000000084800000|  0%| F|  |TAMS 0x0000000084700000, 0x0000000084700000| Untracked 
|  48|0x0000000084800000, 0x0000000084800000, 0x0000000084900000|  0%| F|  |TAMS 0x0000000084800000, 0x0000000084800000| Untracked 
|  49|0x0000000084900000, 0x0000000084900000, 0x0000000084a00000|  0%| F|  |TAMS 0x0000000084900000, 0x0000000084900000| Untracked 
|  50|0x0000000084a00000, 0x0000000084a00000, 0x0000000084b00000|  0%| F|  |TAMS 0x0000000084a00000, 0x0000000084a00000| Untracked 
|  51|0x0000000084b00000, 0x0000000084b00000, 0x0000000084c00000|  0%| F|  |TAMS 0x0000000084b00000, 0x0000000084b00000| Untracked 
|  52|0x0000000084c00000, 0x0000000084c00000, 0x0000000084d00000|  0%| F|  |TAMS 0x0000000084c00000, 0x0000000084c00000| Untracked 
|  53|0x0000000084d00000, 0x0000000084d00000, 0x0000000084e00000|  0%| F|  |TAMS 0x0000000084d00000, 0x0000000084d00000| Untracked 
|  54|0x0000000084e00000, 0x0000000084e00000, 0x0000000084f00000|  0%| F|  |TAMS 0x0000000084e00000, 0x0000000084e00000| Untracked 
|  55|0x0000000084f00000, 0x0000000084f00000, 0x0000000085000000|  0%| F|  |TAMS 0x0000000084f00000, 0x0000000084f00000| Untracked 
|  56|0x0000000085000000, 0x0000000085000000, 0x0000000085100000|  0%| F|  |TAMS 0x0000000085000000, 0x0000000085000000| Untracked 
|  57|0x0000000085100000, 0x0000000085100000, 0x0000000085200000|  0%| F|  |TAMS 0x0000000085100000, 0x0000000085100000| Untracked 
|  58|0x0000000085200000, 0x0000000085200000, 0x0000000085300000|  0%| F|  |TAMS 0x0000000085200000, 0x0000000085200000| Untracked 
|  59|0x0000000085300000, 0x0000000085300000, 0x0000000085400000|  0%| F|  |TAMS 0x0000000085300000, 0x0000000085300000| Untracked 
|  60|0x0000000085400000, 0x0000000085400000, 0x0000000085500000|  0%| F|  |TAMS 0x0000000085400000, 0x0000000085400000| Untracked 
|  61|0x0000000085500000, 0x0000000085500000, 0x0000000085600000|  0%| F|  |TAMS 0x0000000085500000, 0x0000000085500000| Untracked 
|  62|0x0000000085600000, 0x0000000085600000, 0x0000000085700000|  0%| F|  |TAMS 0x0000000085600000, 0x0000000085600000| Untracked 
|  63|0x0000000085700000, 0x0000000085700000, 0x0000000085800000|  0%| F|  |TAMS 0x0000000085700000, 0x0000000085700000| Untracked 
|  64|0x0000000085800000, 0x0000000085800000, 0x0000000085900000|  0%| F|  |TAMS 0x0000000085800000, 0x0000000085800000| Untracked 
|  65|0x0000000085900000, 0x0000000085900000, 0x0000000085a00000|  0%| F|  |TAMS 0x0000000085900000, 0x0000000085900000| Untracked 
|  66|0x0000000085a00000, 0x0000000085a00000, 0x0000000085b00000|  0%| F|  |TAMS 0x0000000085a00000, 0x0000000085a00000| Untracked 
|  67|0x0000000085b00000, 0x0000000085b00000, 0x0000000085c00000|  0%| F|  |TAMS 0x0000000085b00000, 0x0000000085b00000| Untracked 
|  68|0x0000000085c00000, 0x0000000085c00000, 0x0000000085d00000|  0%| F|  |TAMS 0x0000000085c00000, 0x0000000085c00000| Untracked 
|  69|0x0000000085d00000, 0x0000000085d00000, 0x0000000085e00000|  0%| F|  |TAMS 0x0000000085d00000, 0x0000000085d00000| Untracked 
|  70|0x0000000085e00000, 0x0000000085e00000, 0x0000000085f00000|  0%| F|  |TAMS 0x0000000085e00000, 0x0000000085e00000| Untracked 
|  71|0x0000000085f00000, 0x0000000085f00000, 0x0000000086000000|  0%| F|  |TAMS 0x0000000085f00000, 0x0000000085f00000| Untracked 
|  72|0x0000000086000000, 0x0000000086000000, 0x0000000086100000|  0%| F|  |TAMS 0x0000000086000000, 0x0000000086000000| Untracked 
|  73|0x0000000086100000, 0x0000000086100000, 0x0000000086200000|  0%| F|  |TAMS 0x0000000086100000, 0x0000000086100000| Untracked 
|  74|0x0000000086200000, 0x0000000086200000, 0x0000000086300000|  0%| F|  |TAMS 0x0000000086200000, 0x0000000086200000| Untracked 
|  75|0x0000000086300000, 0x0000000086300000, 0x0000000086400000|  0%| F|  |TAMS 0x0000000086300000, 0x0000000086300000| Untracked 
|  76|0x0000000086400000, 0x0000000086400000, 0x0000000086500000|  0%| F|  |TAMS 0x0000000086400000, 0x0000000086400000| Untracked 
|  77|0x0000000086500000, 0x0000000086500000, 0x0000000086600000|  0%| F|  |TAMS 0x0000000086500000, 0x0000000086500000| Untracked 
|  78|0x0000000086600000, 0x0000000086600000, 0x0000000086700000|  0%| F|  |TAMS 0x0000000086600000, 0x0000000086600000| Untracked 
|  79|0x0000000086700000, 0x0000000086700000, 0x0000000086800000|  0%| F|  |TAMS 0x0000000086700000, 0x0000000086700000| Untracked 
|  80|0x0000000086800000, 0x0000000086800000, 0x0000000086900000|  0%| F|  |TAMS 0x0000000086800000, 0x0000000086800000| Untracked 
|  81|0x0000000086900000, 0x0000000086900000, 0x0000000086a00000|  0%| F|  |TAMS 0x0000000086900000, 0x0000000086900000| Untracked 
|  82|0x0000000086a00000, 0x0000000086a00000, 0x0000000086b00000|  0%| F|  |TAMS 0x0000000086a00000, 0x0000000086a00000| Untracked 
|  83|0x0000000086b00000, 0x0000000086b00000, 0x0000000086c00000|  0%| F|  |TAMS 0x0000000086b00000, 0x0000000086b00000| Untracked 
|  84|0x0000000086c00000, 0x0000000086c00000, 0x0000000086d00000|  0%| F|  |TAMS 0x0000000086c00000, 0x0000000086c00000| Untracked 
|  85|0x0000000086d00000, 0x0000000086d00000, 0x0000000086e00000|  0%| F|  |TAMS 0x0000000086d00000, 0x0000000086d00000| Untracked 
|  86|0x0000000086e00000, 0x0000000086e00000, 0x0000000086f00000|  0%| F|  |TAMS 0x0000000086e00000, 0x0000000086e00000| Untracked 
|  87|0x0000000086f00000, 0x0000000086f00000, 0x0000000087000000|  0%| F|  |TAMS 0x0000000086f00000, 0x0000000086f00000| Untracked 
|  88|0x0000000087000000, 0x0000000087000000, 0x0000000087100000|  0%| F|  |TAMS 0x0000000087000000, 0x0000000087000000| Untracked 
|  89|0x0000000087100000, 0x0000000087100000, 0x0000000087200000|  0%| F|  |TAMS 0x0000000087100000, 0x0000000087100000| Untracked 
|  90|0x0000000087200000, 0x0000000087200000, 0x0000000087300000|  0%| F|  |TAMS 0x0000000087200000, 0x0000000087200000| Untracked 
|  91|0x0000000087300000, 0x0000000087300000, 0x0000000087400000|  0%| F|  |TAMS 0x0000000087300000, 0x0000000087300000| Untracked 
|  92|0x0000000087400000, 0x0000000087400000, 0x0000000087500000|  0%| F|  |TAMS 0x0000000087400000, 0x0000000087400000| Untracked 
|  93|0x0000000087500000, 0x0000000087600000, 0x0000000087600000|100%| S|CS|TAMS 0x0000000087500000, 0x0000000087500000| Complete 
|  94|0x0000000087600000, 0x0000000087700000, 0x0000000087700000|100%| S|CS|TAMS 0x0000000087600000, 0x0000000087600000| Complete 
|  95|0x0000000087700000, 0x0000000087700000, 0x0000000087800000|  0%| F|  |TAMS 0x0000000087700000, 0x0000000087700000| Untracked 
|  96|0x0000000087800000, 0x0000000087800000, 0x0000000087900000|  0%| F|  |TAMS 0x0000000087800000, 0x0000000087800000| Untracked 
|  97|0x0000000087900000, 0x0000000087900000, 0x0000000087a00000|  0%| F|  |TAMS 0x0000000087900000, 0x0000000087900000| Untracked 
|  98|0x0000000087a00000, 0x0000000087a00000, 0x0000000087b00000|  0%| F|  |TAMS 0x0000000087a00000, 0x0000000087a00000| Untracked 
|  99|0x0000000087b00000, 0x0000000087c00000, 0x0000000087c00000|100%| S|CS|TAMS 0x0000000087b00000, 0x0000000087b00000| Complete 
| 100|0x0000000087c00000, 0x0000000087d00000, 0x0000000087d00000|100%| S|CS|TAMS 0x0000000087c00000, 0x0000000087c00000| Complete 
| 101|0x0000000087d00000, 0x0000000087e00000, 0x0000000087e00000|100%| S|CS|TAMS 0x0000000087d00000, 0x0000000087d00000| Complete 
| 102|0x0000000087e00000, 0x0000000087e00000, 0x0000000087f00000|  0%| F|  |TAMS 0x0000000087e00000, 0x0000000087e00000| Untracked 
| 103|0x0000000087f00000, 0x0000000087f00000, 0x0000000088000000|  0%| F|  |TAMS 0x0000000087f00000, 0x0000000087f00000| Untracked 
| 104|0x0000000088000000, 0x0000000088000000, 0x0000000088100000|  0%| F|  |TAMS 0x0000000088000000, 0x0000000088000000| Untracked 
| 105|0x0000000088100000, 0x0000000088100000, 0x0000000088200000|  0%| F|  |TAMS 0x0000000088100000, 0x0000000088100000| Untracked 
| 106|0x0000000088200000, 0x0000000088200000, 0x0000000088300000|  0%| F|  |TAMS 0x0000000088200000, 0x0000000088200000| Untracked 
| 107|0x0000000088300000, 0x0000000088300000, 0x0000000088400000|  0%| F|  |TAMS 0x0000000088300000, 0x0000000088300000| Untracked 
| 108|0x0000000088400000, 0x0000000088400000, 0x0000000088500000|  0%| F|  |TAMS 0x0000000088400000, 0x0000000088400000| Untracked 
| 109|0x0000000088500000, 0x0000000088500000, 0x0000000088600000|  0%| F|  |TAMS 0x0000000088500000, 0x0000000088500000| Untracked 
| 110|0x0000000088600000, 0x0000000088600000, 0x0000000088700000|  0%| F|  |TAMS 0x0000000088600000, 0x0000000088600000| Untracked 
| 111|0x0000000088700000, 0x0000000088700000, 0x0000000088800000|  0%| F|  |TAMS 0x0000000088700000, 0x0000000088700000| Untracked 
| 112|0x0000000088800000, 0x0000000088800000, 0x0000000088900000|  0%| F|  |TAMS 0x0000000088800000, 0x0000000088800000| Untracked 
| 113|0x0000000088900000, 0x0000000088900000, 0x0000000088a00000|  0%| F|  |TAMS 0x0000000088900000, 0x0000000088900000| Untracked 
| 114|0x0000000088a00000, 0x0000000088a00000, 0x0000000088b00000|  0%| F|  |TAMS 0x0000000088a00000, 0x0000000088a00000| Untracked 
| 115|0x0000000088b00000, 0x0000000088b00000, 0x0000000088c00000|  0%| F|  |TAMS 0x0000000088b00000, 0x0000000088b00000| Untracked 
| 116|0x0000000088c00000, 0x0000000088c00000, 0x0000000088d00000|  0%| F|  |TAMS 0x0000000088c00000, 0x0000000088c00000| Untracked 
| 117|0x0000000088d00000, 0x0000000088d00000, 0x0000000088e00000|  0%| F|  |TAMS 0x0000000088d00000, 0x0000000088d00000| Untracked 
| 118|0x0000000088e00000, 0x0000000088e00000, 0x0000000088f00000|  0%| F|  |TAMS 0x0000000088e00000, 0x0000000088e00000| Untracked 
| 119|0x0000000088f00000, 0x0000000088f00000, 0x0000000089000000|  0%| F|  |TAMS 0x0000000088f00000, 0x0000000088f00000| Untracked 
| 120|0x0000000089000000, 0x0000000089000000, 0x0000000089100000|  0%| F|  |TAMS 0x0000000089000000, 0x0000000089000000| Untracked 
| 121|0x0000000089100000, 0x0000000089100000, 0x0000000089200000|  0%| F|  |TAMS 0x0000000089100000, 0x0000000089100000| Untracked 
| 122|0x0000000089200000, 0x0000000089200000, 0x0000000089300000|  0%| F|  |TAMS 0x0000000089200000, 0x0000000089200000| Untracked 
| 123|0x0000000089300000, 0x0000000089300000, 0x0000000089400000|  0%| F|  |TAMS 0x0000000089300000, 0x0000000089300000| Untracked 
| 124|0x0000000089400000, 0x0000000089400000, 0x0000000089500000|  0%| F|  |TAMS 0x0000000089400000, 0x0000000089400000| Untracked 
| 125|0x0000000089500000, 0x0000000089500000, 0x0000000089600000|  0%| F|  |TAMS 0x0000000089500000, 0x0000000089500000| Untracked 
| 126|0x0000000089600000, 0x0000000089600000, 0x0000000089700000|  0%| F|  |TAMS 0x0000000089600000, 0x0000000089600000| Untracked 
| 127|0x0000000089700000, 0x0000000089780000, 0x0000000089800000| 50%| E|  |TAMS 0x0000000089700000, 0x0000000089700000| Complete 

Card table byte_map: [0x0000016d6ba80000,0x0000016d6be80000] _byte_map_base: 0x0000016d6b674000

Marking Bits (Prev, Next): (CMBitMap*) 0x0000016d53f54e28, (CMBitMap*) 0x0000016d53f54e60
 Prev Bits: [0x0000016d6c280000, 0x0000016d6e220000)
 Next Bits: [0x0000016d6e220000, 0x0000016d701c0000)

Polling page: 0x0000016d536e0000

Metaspace:

Usage:
  Non-class:     18.48 MB capacity,    18.17 MB ( 98%) used,   263.98 KB (  1%) free+waste,    52.81 KB ( <1%) overhead. 
      Class:      2.26 MB capacity,     2.05 MB ( 91%) used,   190.90 KB (  8%) free+waste,    25.06 KB (  1%) overhead. 
       Both:     20.74 MB capacity,    20.22 MB ( 97%) used,   454.88 KB (  2%) free+waste,    77.88 KB ( <1%) overhead. 

Virtual space:
  Non-class space:       28.00 MB reserved,      18.50 MB ( 66%) committed 
      Class space:        1.00 GB reserved,       2.38 MB ( <1%) committed 
             Both:        1.03 GB reserved,      20.88 MB (  2%) committed 

Chunk freelists:
   Non-Class:  24.00 KB
       Class:  21.00 KB
        Both:  45.00 KB

MaxMetaspaceSize: 17179869184.00 GB
CompressedClassSpaceSize: 1.00 GB
Initial GC threshold: 20.80 MB
Current GC threshold: 21.45 MB
CDS: off

CodeHeap 'non-profiled nmethods': size=120064Kb used=969Kb max_used=969Kb free=119095Kb
 bounds [0x0000016d64140000, 0x0000016d643b0000, 0x0000016d6b680000]
CodeHeap 'profiled nmethods': size=120000Kb used=4683Kb max_used=4683Kb free=115316Kb
 bounds [0x0000016d5cc10000, 0x0000016d5d0b0000, 0x0000016d64140000]
CodeHeap 'non-nmethods': size=5696Kb used=1213Kb max_used=1223Kb free=4482Kb
 bounds [0x0000016d5c680000, 0x0000016d5c8f0000, 0x0000016d5cc10000]
 total_blobs=2656 nmethods=2176 adapters=392
 compilation: enabled
              stopped_count=0, restarted_count=0
 full_count=0

Compilation events (20 events):
Event: 3.816 Thread 0x0000016d726eb800 nmethod 2172 0x0000016d5d098b90 code [0x0000016d5d098d40, 0x0000016d5d098e98]
Event: 3.831 Thread 0x0000016d726eb800 2173       3       java.lang.invoke.LambdaFormEditor$Transform::inRange (36 bytes)
Event: 3.832 Thread 0x0000016d726eb800 nmethod 2173 0x0000016d5d098f90 code [0x0000016d5d099140, 0x0000016d5d099298]
Event: 3.832 Thread 0x0000016d726eb800 2174       3       java.lang.invoke.LambdaFormEditor$Transform::<init> (28 bytes)
Event: 3.832 Thread 0x0000016d726eb800 nmethod 2174 0x0000016d5d099310 code [0x0000016d5d0994e0, 0x0000016d5d0997c8]
Event: 3.832 Thread 0x0000016d726eb800 2175       3       java.lang.invoke.LambdaFormEditor::getInCache (186 bytes)
Event: 3.833 Thread 0x0000016d726eb800 nmethod 2175 0x0000016d5d099910 code [0x0000016d5d099ba0, 0x0000016d5d09aae8]
Event: 3.834 Thread 0x0000016d726eb800 2176       3       jdk.internal.org.objectweb.asm.ClassWriter::toByteArray (1423 bytes)
Event: 3.839 Thread 0x0000016d726eb800 nmethod 2176 0x0000016d5d09ae90 code [0x0000016d5d09b740, 0x0000016d5d09f1c8]
Event: 3.839 Thread 0x0000016d726eb800 2177       3       jdk.internal.misc.Unsafe::defineAnonymousClass (46 bytes)
Event: 3.840 Thread 0x0000016d726eb800 nmethod 2177 0x0000016d5d0a0910 code [0x0000016d5d0a0b00, 0x0000016d5d0a0f18]
Event: 3.842 Thread 0x0000016d726e4000 2178   !   4       jdk.internal.loader.URLClassPath$JarLoader::getResource (353 bytes)
Event: 3.854 Thread 0x0000016d726eb800 2180       3       java.lang.invoke.Invokers$Holder::linkToTargetMethod (9 bytes)
Event: 3.854 Thread 0x0000016d726eb800 nmethod 2180 0x0000016d5d0a1090 code [0x0000016d5d0a1260, 0x0000016d5d0a14f8]
Event: 3.855 Thread 0x0000016d726eb800 2181       3       java.util.jar.Attributes$Name::hash (148 bytes)
Event: 3.856 Thread 0x0000016d726eb800 nmethod 2181 0x0000016d5d0a1610 code [0x0000016d5d0a18a0, 0x0000016d5d0a2588]
Event: 3.860 Thread 0x0000016d726e4000 nmethod 2178 0x0000016d64230a90 code [0x0000016d64230d60, 0x0000016d64231838]
Event: 3.860 Thread 0x0000016d726e4000 2179       4       jdk.internal.loader.URLClassPath::getResource (74 bytes)
Event: 3.872 Thread 0x0000016d726eb800 2183       3       jdk.internal.org.objectweb.asm.MethodVisitor::visitVarInsn (17 bytes)
Event: 3.872 Thread 0x0000016d726eb800 nmethod 2183 0x0000016d5d0a2a90 code [0x0000016d5d0a2c40, 0x0000016d5d0a2e28]

GC Heap History (8 events):
Event: 0.726 GC heap before
{Heap before GC invocations=0 (full 0):
 garbage-first heap   total 131072K, used 13312K [0x0000000081800000, 0x0000000100000000)
  region size 1024K, 14 young (14336K), 0 survivors (0K)
 Metaspace       used 7475K, capacity 7613K, committed 7680K, reserved 1056768K
  class space    used 642K, capacity 706K, committed 768K, reserved 1048576K
}
Event: 0.733 GC heap after
{Heap after GC invocations=1 (full 0):
 garbage-first heap   total 131072K, used 6575K [0x0000000081800000, 0x0000000100000000)
  region size 1024K, 2 young (2048K), 2 survivors (2048K)
 Metaspace       used 7475K, capacity 7613K, committed 7680K, reserved 1056768K
  class space    used 642K, capacity 706K, committed 768K, reserved 1048576K
}
Event: 1.994 GC heap before
{Heap before GC invocations=1 (full 0):
 garbage-first heap   total 131072K, used 17839K [0x0000000081800000, 0x0000000100000000)
  region size 1024K, 13 young (13312K), 2 survivors (2048K)
 Metaspace       used 12112K, capacity 12367K, committed 12544K, reserved 1060864K
  class space    used 1155K, capacity 1250K, committed 1280K, reserved 1048576K
}
Event: 1.999 GC heap after
{Heap after GC invocations=2 (full 0):
 garbage-first heap   total 131072K, used 7876K [0x0000000081800000, 0x0000000100000000)
  region size 1024K, 2 young (2048K), 2 survivors (2048K)
 Metaspace       used 12112K, capacity 12367K, committed 12544K, reserved 1060864K
  class space    used 1155K, capacity 1250K, committed 1280K, reserved 1048576K
}
Event: 3.046 GC heap before
{Heap before GC invocations=2 (full 0):
 garbage-first heap   total 131072K, used 35524K [0x0000000081800000, 0x0000000100000000)
  region size 1024K, 29 young (29696K), 2 survivors (2048K)
 Metaspace       used 17519K, capacity 17960K, committed 18176K, reserved 1064960K
  class space    used 1771K, capacity 1967K, committed 2048K, reserved 1048576K
}
Event: 3.055 GC heap after
{Heap after GC invocations=3 (full 0):
 garbage-first heap   total 131072K, used 10431K [0x0000000081800000, 0x0000000100000000)
  region size 1024K, 4 young (4096K), 4 survivors (4096K)
 Metaspace       used 17519K, capacity 17960K, committed 18176K, reserved 1064960K
  class space    used 1771K, capacity 1967K, committed 2048K, reserved 1048576K
}
Event: 3.878 GC heap before
{Heap before GC invocations=3 (full 0):
 garbage-first heap   total 131072K, used 36031K [0x0000000081800000, 0x0000000100000000)
  region size 1024K, 30 young (30720K), 4 survivors (4096K)
 Metaspace       used 20693K, capacity 21203K, committed 21248K, reserved 1069056K
  class space    used 2097K, capacity 2283K, committed 2304K, reserved 1048576K
}
Event: 3.892 GC heap after
{Heap after GC invocations=4 (full 0):
 garbage-first heap   total 131072K, used 12939K [0x0000000081800000, 0x0000000100000000)
  region size 1024K, 5 young (5120K), 5 survivors (5120K)
 Metaspace       used 20693K, capacity 21203K, committed 21248K, reserved 1069056K
  class space    used 2097K, capacity 2283K, committed 2304K, reserved 1048576K
}

Deoptimization events (20 events):
Event: 3.613 Thread 0x0000016d53f15800 DEOPT PACKING pc=0x0000016d641fdd94 sp=0x0000000e332fb0a0
Event: 3.613 Thread 0x0000016d53f15800 DEOPT UNPACKING pc=0x0000016d5c6ca1af sp=0x0000000e332fb000 mode 2
Event: 3.777 Thread 0x0000016d53f15800 Uncommon trap: trap_request=0xffffff4d fr.pc=0x0000016d641d6c18 relative=0x0000000000000378
Event: 3.777 Thread 0x0000016d53f15800 Uncommon trap: reason=unstable_if action=reinterpret pc=0x0000016d641d6c18 method=java.io.ByteArrayInputStream.read([BII)I @ 35 c2
Event: 3.777 Thread 0x0000016d53f15800 DEOPT PACKING pc=0x0000016d641d6c18 sp=0x0000000e332fbf80
Event: 3.777 Thread 0x0000016d53f15800 DEOPT UNPACKING pc=0x0000016d5c6ca1af sp=0x0000000e332fbf40 mode 2
Event: 3.777 Thread 0x0000016d53f15800 Uncommon trap: trap_request=0xffffff4d fr.pc=0x0000016d6419de20 relative=0x00000000000008a0
Event: 3.777 Thread 0x0000016d53f15800 Uncommon trap: reason=unstable_if action=reinterpret pc=0x0000016d6419de20 method=java.util.jar.JarFile.getVersionedEntry(Ljava/lang/String;Ljava/util/jar/JarEntry;)Ljava/util/jar/JarEntry; @ 7 c2
Event: 3.777 Thread 0x0000016d53f15800 DEOPT PACKING pc=0x0000016d6419de20 sp=0x0000000e332fc2a0
Event: 3.778 Thread 0x0000016d53f15800 DEOPT UNPACKING pc=0x0000016d5c6ca1af sp=0x0000000e332fc210 mode 2
Event: 3.840 Thread 0x0000016d53f15800 Uncommon trap: trap_request=0xffffff5c fr.pc=0x0000016d641e74f4 relative=0x0000000000000bd4
Event: 3.840 Thread 0x0000016d53f15800 Uncommon trap: reason=speculate_null_assert action=make_not_entrant pc=0x0000016d641e74f4 method=jdk.internal.loader.URLClassPath$JarLoader.getResource(Ljava/lang/String;ZLjava/util/Set;)Ljdk/internal/loader/Resource; @ 17 c2
Event: 3.840 Thread 0x0000016d53f15800 DEOPT PACKING pc=0x0000016d641e74f4 sp=0x0000000e332fbae0
Event: 3.840 Thread 0x0000016d53f15800 DEOPT UNPACKING pc=0x0000016d5c6ca1af sp=0x0000000e332fba78 mode 2
Event: 3.848 Thread 0x0000016d53f15800 DEOPT PACKING pc=0x0000016d5cce32ef sp=0x0000000e332f90c0
Event: 3.848 Thread 0x0000016d53f15800 DEOPT UNPACKING pc=0x0000016d5c6ca95e sp=0x0000000e332f8548 mode 0
Event: 3.854 Thread 0x0000016d53f15800 Uncommon trap: trap_request=0xffffff4d fr.pc=0x0000016d641cdb58 relative=0x00000000000002f8
Event: 3.854 Thread 0x0000016d53f15800 Uncommon trap: reason=unstable_if action=reinterpret pc=0x0000016d641cdb58 method=java.lang.Integer.parseInt(Ljava/lang/String;I)I @ 119 c2
Event: 3.854 Thread 0x0000016d53f15800 DEOPT PACKING pc=0x0000016d641cdb58 sp=0x0000000e332fce30
Event: 3.854 Thread 0x0000016d53f15800 DEOPT UNPACKING pc=0x0000016d5c6ca1af sp=0x0000000e332fcd98 mode 2

Classes redefined (0 events):
No events

Internal exceptions (20 events):
Event: 2.036 Thread 0x0000016d53f15800 Exception <a 'java/lang/NoSuchMethodError'{0x000000008969f680}: 'int java.lang.invoke.DirectMethodHandle$Holder.invokeVirtual(java.lang.Object, java.lang.Object)'> (0x000000008969f680) thrown at [./src/hotspot/share/interpreter/linkResolver.cpp, line 773]
Event: 2.057 Thread 0x0000016d53f15800 Exception <a 'java/lang/NoSuchMethodError'{0x00000000895986c0}: 'java.lang.Object java.lang.invoke.DirectMethodHandle$Holder.invokeSpecial(java.lang.Object, java.lang.Object, java.lang.Object, int, java.lang.Object)'> (0x00000000895986c0) thrown at [./src/hotspot/share/interpreter/linkResolver.cpp, line 773]
Event: 2.058 Thread 0x0000016d53f15800 Exception <a 'java/lang/NoSuchMethodError'{0x00000000895a2768}: 'java.lang.Object java.lang.invoke.Invokers$Holder.linkToTargetMethod(java.lang.Object, int, java.lang.Object, java.lang.Object)'> (0x00000000895a2768) thrown at [./src/hotspot/share/interpreter/linkResolver.cpp, line 773]
Event: 2.073 Thread 0x0000016d53f15800 Exception <a 'java/lang/NoSuchMethodError'{0x000000008943e598}: 'int java.lang.invoke.DirectMethodHandle$Holder.invokeStaticInit(java.lang.Object, java.lang.Object, java.lang.Object)'> (0x000000008943e598) thrown at [./src/hotspot/share/interpreter/linkResolver.cpp, line 773]
Event: 2.103 Thread 0x0000016d53f15800 Exception <a 'java/lang/NoSuchMethodError'{0x000000008933c5a0}: 'java.lang.Object java.lang.invoke.DirectMethodHandle$Holder.invokeStatic(java.lang.Object, java.lang.Object, java.lang.Object, java.lang.Object, java.lang.Object, java.lang.Object, java.lang.Object, java.lang.Object, java.lang.Object, java.lang.Object, java.lang.Object, java.lang.Object, java.lang.Object, int)'> (0x000000008933c5a0) thrown at [./src/hotspot/share/interpreter/linkResolver.cpp, line 773]
Event: 2.105 Thread 0x0000016d53f15800 Exception <a 'java/lang/NoSuchMethodError'{0x0000000089348b80}: 'java.lang.Object java.lang.invoke.DirectMethodHandle$Holder.invokeStatic(java.lang.Object, java.lang.Object, java.lang.Object, java.lang.Object, java.lang.Object, java.lang.Object, java.lang.Object, java.lang.Object, java.lang.Object, java.lang.Object, java.lang.Object, java.lang.Object, java.lang.Object, int, int)'> (0x0000000089348b80) thrown at [./src/hotspot/share/interpreter/linkResolver.cpp, line 773]
Event: 2.108 Thread 0x0000016d53f15800 Exception <a 'java/lang/NoSuchMethodError'{0x00000000893554d0}: 'java.lang.Object java.lang.invoke.DirectMethodHandle$Holder.invokeStatic(java.lang.Object, java.lang.Object, java.lang.Object, java.lang.Object, java.lang.Object, java.lang.Object, java.lang.Object, java.lang.Object, java.lang.Object, java.lang.Object, java.lang.Object, java.lang.Object, java.lang.Object, int, int, java.lang.Object)'> (0x00000000893554d0) thrown at [./src/hotspot/share/interpreter/linkResolver.cpp, line 773]
Event: 2.165 Thread 0x0000016d53f15800 Exception <a 'java/lang/NoSuchMethodError'{0x000000008922bfe8}: 'java.lang.Object java.lang.invoke.Invokers$Holder.linkToTargetMethod(java.lang.Object, int, java.lang.Object)'> (0x000000008922bfe8) thrown at [./src/hotspot/share/interpreter/linkResolver.cpp, line 773]
Event: 2.240 Thread 0x0000016d53f15800 Exception <a 'java/lang/NoSuchMethodError'{0x00000000891aeed0}: 'java.lang.Object java.lang.invoke.DirectMethodHandle$Holder.invokeSpecial(java.lang.Object, java.lang.Object, java.lang.Object, java.lang.Object, java.lang.Object, java.lang.Object, java.lang.Object, java.lang.Object, java.lang.Object, java.lang.Object)'> (0x00000000891aeed0) thrown at [./src/hotspot/share/interpreter/linkResolver.cpp, line 773]
Event: 2.241 Thread 0x0000016d53f15800 Exception <a 'java/lang/NoSuchMethodError'{0x00000000891b92b0}: 'java.lang.Object java.lang.invoke.Invokers$Holder.linkToTargetMethod(java.lang.Object, java.lang.Object, java.lang.Object, java.lang.Object, java.lang.Object, java.lang.Object, java.lang.Object, java.lang.Object, java.lang.Object)'> (0x00000000891b92b0) thrown at [./src/hotspot/share/interpreter/linkResolver.cpp, line 773]
Event: 2.261 Thread 0x0000016d53f15800 Exception <a 'java/lang/NoSuchMethodError'{0x000000008903f580}: 'java.lang.Object java.lang.invoke.Invokers$Holder.linkToTargetMethod(java.lang.Object, java.lang.Object, java.lang.Object, java.lang.Object, java.lang.Object, java.lang.Object, java.lang.Object)'> (0x000000008903f580) thrown at [./src/hotspot/share/interpreter/linkResolver.cpp, line 773]
Event: 2.734 Thread 0x0000016d53f15800 Exception <a 'sun/nio/fs/WindowsException'{0x000000008849ff68}> (0x000000008849ff68) thrown at [./src/hotspot/share/prims/jni.cpp, line 617]
Event: 2.735 Thread 0x0000016d53f15800 Exception <a 'java/lang/NoSuchMethodError'{0x00000000884a16f8}: 'int java.lang.invoke.DirectMethodHandle$Holder.invokeSpecialIFC(java.lang.Object, java.lang.Object, int)'> (0x00000000884a16f8) thrown at [./src/hotspot/share/interpreter/linkResolver.cpp, line 773]
Event: 2.754 Thread 0x0000016d53f15800 Exception <a 'java/lang/NoSuchMethodError'{0x00000000884c8c30}: 'int java.lang.invoke.DirectMethodHandle$Holder.invokeStaticInit(java.lang.Object, java.lang.Object, java.lang.Object, java.lang.Object)'> (0x00000000884c8c30) thrown at [./src/hotspot/share/interpreter/linkResolver.cpp, line 773]
Event: 2.756 Thread 0x0000016d53f15800 Exception <a 'java/lang/IncompatibleClassChangeError'{0x00000000884d1d90}: Found class java.lang.Object, but interface was expected> (0x00000000884d1d90) thrown at [./src/hotspot/share/interpreter/linkResolver.cpp, line 839]
Event: 2.757 Thread 0x0000016d53f15800 Exception <a 'java/lang/NoSuchMethodError'{0x00000000884d4ff8}: 'void java.lang.invoke.DirectMethodHandle$Holder.invokeStaticInit(java.lang.Object, java.lang.Object)'> (0x00000000884d4ff8) thrown at [./src/hotspot/share/interpreter/linkResolver.cpp, line 773]
Event: 3.149 Thread 0x0000016d53f15800 Exception <a 'java/lang/NoSuchMethodError'{0x00000000895830f8}: 'java.lang.Object java.lang.invoke.DirectMethodHandle$Holder.invokeVirtual(java.lang.Object, java.lang.Object, java.lang.Object)'> (0x00000000895830f8) thrown at [./src/hotspot/share/interpreter/linkResolver.cpp, line 773]
Event: 3.515 Thread 0x0000016d53f15800 Exception <a 'java/lang/NoSuchMethodError'{0x000000008897fcd0}: 'void java.lang.invoke.DirectMethodHandle$Holder.invokeVirtual(java.lang.Object, java.lang.Object)'> (0x000000008897fcd0) thrown at [./src/hotspot/share/interpreter/linkResolver.cpp, line 773]
Event: 3.516 Thread 0x0000016d53f15800 Exception <a 'java/lang/NoSuchMethodError'{0x0000000088987c58}: 'int java.lang.invoke.DirectMethodHandle$Holder.invokeStatic(java.lang.Object, java.lang.Object, int, java.lang.Object)'> (0x0000000088987c58) thrown at [./src/hotspot/share/interpreter/linkResolver.cpp, line 773]
Event: 3.517 Thread 0x0000016d53f15800 Exception <a 'java/lang/IncompatibleClassChangeError'{0x000000008898ec18}: Found class java.lang.Object, but interface was expected> (0x000000008898ec18) thrown at [./src/hotspot/share/interpreter/linkResolver.cpp, line 839]

Events (20 events):
Event: 3.892 Executing VM operation: CollectForMetadataAllocation done
Event: 3.892 Executing VM operation: RevokeBias
Event: 3.893 Executing VM operation: RevokeBias done
Event: 3.893 Executing VM operation: BulkRevokeBias
Event: 3.893 Executing VM operation: BulkRevokeBias done
Event: 3.893 Executing VM operation: RevokeBias
Event: 3.893 Executing VM operation: RevokeBias done
Event: 3.893 Executing VM operation: RevokeBias
Event: 3.893 Executing VM operation: RevokeBias done
Event: 3.893 Executing VM operation: RevokeBias
Event: 3.893 Executing VM operation: RevokeBias done
Event: 3.893 Executing VM operation: BulkRevokeBias
Event: 3.893 Executing VM operation: BulkRevokeBias done
Event: 3.894 Executing VM operation: BulkRevokeBias
Event: 3.894 Executing VM operation: BulkRevokeBias done
Event: 3.894 loading class io/netty/util/internal/logging/LocationAwareSlf4JLogger
Event: 3.894 loading class io/netty/util/internal/logging/LocationAwareSlf4JLogger done
Event: 3.895 Executing VM operation: RevokeBias
Event: 3.895 Executing VM operation: RevokeBias done
Event: 3.895 Executing VM operation: CollectForMetadataAllocation


Dynamic libraries:
0x00007ff6f24c0000 - 0x00007ff6f24cd000 	C:\Users\sevil\.jdks\temurin-11.0.18\bin\java.exe
0x00007ffb6bc30000 - 0x00007ffb6be28000 	C:\WINDOWS\SYSTEM32\ntdll.dll
0x00007ffb69c80000 - 0x00007ffb69d3f000 	C:\WINDOWS\System32\KERNEL32.DLL
0x00007ffb69560000 - 0x00007ffb69832000 	C:\WINDOWS\System32\KERNELBASE.dll
0x00007ffb69ae0000 - 0x00007ffb69be0000 	C:\WINDOWS\System32\ucrtbase.dll
0x00007ffb62b40000 - 0x00007ffb62b59000 	C:\Users\sevil\.jdks\temurin-11.0.18\bin\VCRUNTIME140.dll
0x00007ffb62a30000 - 0x00007ffb62a47000 	C:\Users\sevil\.jdks\temurin-11.0.18\bin\jli.dll
0x00007ffb6a5e0000 - 0x00007ffb6a781000 	C:\WINDOWS\System32\USER32.dll
0x00007ffb5f2b0000 - 0x00007ffb5f54a000 	C:\WINDOWS\WinSxS\amd64_microsoft.windows.common-controls_6595b64144ccf1df_6.0.19041.1110_none_60b5254171f9507e\COMCTL32.dll
0x00007ffb69530000 - 0x00007ffb69552000 	C:\WINDOWS\System32\win32u.dll
0x00007ffb6a260000 - 0x00007ffb6a28b000 	C:\WINDOWS\System32\GDI32.dll
0x00007ffb69420000 - 0x00007ffb6952f000 	C:\WINDOWS\System32\gdi32full.dll
0x00007ffb6ba00000 - 0x00007ffb6ba9e000 	C:\WINDOWS\System32\msvcrt.dll
0x00007ffb69330000 - 0x00007ffb693cd000 	C:\WINDOWS\System32\msvcp_win.dll
0x00007ffb6a5b0000 - 0x00007ffb6a5e0000 	C:\WINDOWS\System32\IMM32.DLL
0x00007ffb63dc0000 - 0x00007ffb63dcc000 	C:\Users\sevil\.jdks\temurin-11.0.18\bin\vcruntime140_1.dll
0x00007ffb58470000 - 0x00007ffb58501000 	C:\Users\sevil\.jdks\temurin-11.0.18\bin\msvcp140.dll
0x00007ffb138f0000 - 0x00007ffb144aa000 	C:\Users\sevil\.jdks\temurin-11.0.18\bin\server\jvm.dll
0x00007ffb6ac80000 - 0x00007ffb6ad2e000 	C:\WINDOWS\System32\ADVAPI32.dll
0x00007ffb6aaf0000 - 0x00007ffb6ab8c000 	C:\WINDOWS\System32\sechost.dll
0x00007ffb6bac0000 - 0x00007ffb6bbe4000 	C:\WINDOWS\System32\RPCRT4.dll
0x00007ffb6aeb0000 - 0x00007ffb6aeb8000 	C:\WINDOWS\System32\PSAPI.DLL
0x00007ffb5c5c0000 - 0x00007ffb5c5c9000 	C:\WINDOWS\SYSTEM32\WSOCK32.dll
0x00007ffb5f060000 - 0x00007ffb5f087000 	C:\WINDOWS\SYSTEM32\WINMM.dll
0x00007ffb6aec0000 - 0x00007ffb6af2b000 	C:\WINDOWS\System32\WS2_32.dll
0x00007ffb614e0000 - 0x00007ffb614ea000 	C:\WINDOWS\SYSTEM32\VERSION.dll
0x00007ffb67bb0000 - 0x00007ffb67bc2000 	C:\WINDOWS\SYSTEM32\kernel.appcore.dll
0x00007ffb63d70000 - 0x00007ffb63d80000 	C:\Users\sevil\.jdks\temurin-11.0.18\bin\verify.dll
0x00007ffb67880000 - 0x00007ffb67a64000 	C:\WINDOWS\SYSTEM32\DBGHELP.DLL
0x00007ffb61df0000 - 0x00007ffb61e25000 	C:\WINDOWS\SYSTEM32\dbgcore.DLL
0x00007ffb69840000 - 0x00007ffb698c2000 	C:\WINDOWS\System32\bcryptPrimitives.dll
0x00007ffb62a00000 - 0x00007ffb62a28000 	C:\Users\sevil\.jdks\temurin-11.0.18\bin\java.dll
0x00007ffb63c70000 - 0x00007ffb63c7a000 	C:\Users\sevil\.jdks\temurin-11.0.18\bin\jimage.dll
0x00007ffb62c80000 - 0x00007ffb62c8e000 	C:\Users\sevil\.jdks\temurin-11.0.18\bin\instrument.dll
0x00007ffb62990000 - 0x00007ffb629a8000 	C:\Users\sevil\.jdks\temurin-11.0.18\bin\zip.dll
0x00007ffb6af30000 - 0x00007ffb6b675000 	C:\WINDOWS\System32\SHELL32.dll
0x00007ffb670e0000 - 0x00007ffb67872000 	C:\WINDOWS\SYSTEM32\windows.storage.dll
0x00007ffb6a790000 - 0x00007ffb6aae5000 	C:\WINDOWS\System32\combase.dll
0x00007ffb68cb0000 - 0x00007ffb68ce0000 	C:\WINDOWS\SYSTEM32\Wldp.dll
0x00007ffb6ad30000 - 0x00007ffb6addd000 	C:\WINDOWS\System32\SHCORE.dll
0x00007ffb6ab90000 - 0x00007ffb6abe5000 	C:\WINDOWS\System32\shlwapi.dll
0x00007ffb69270000 - 0x00007ffb6928f000 	C:\WINDOWS\SYSTEM32\profapi.dll
0x00007ffb626b0000 - 0x00007ffb626c9000 	C:\Users\sevil\.jdks\temurin-11.0.18\bin\net.dll
0x00007ffb5fa50000 - 0x00007ffb5fb5a000 	C:\WINDOWS\SYSTEM32\WINHTTP.dll
0x00007ffb68a10000 - 0x00007ffb68a7a000 	C:\WINDOWS\system32\mswsock.dll
0x00007ffb62060000 - 0x00007ffb62073000 	C:\Users\sevil\.jdks\temurin-11.0.18\bin\nio.dll
0x00007ffb62040000 - 0x00007ffb6205a000 	C:\Program Files\JetBrains\IntelliJ IDEA Community Edition 2022.3.1\bin\breakgen64.dll
0x00007ffb68c10000 - 0x00007ffb68c28000 	C:\WINDOWS\SYSTEM32\CRYPTSP.dll
0x00007ffb68330000 - 0x00007ffb68364000 	C:\WINDOWS\system32\rsaenh.dll
0x00007ffb69c50000 - 0x00007ffb69c77000 	C:\WINDOWS\System32\bcrypt.dll
0x00007ffb69230000 - 0x00007ffb6925e000 	C:\WINDOWS\SYSTEM32\USERENV.dll
0x00007ffb68c00000 - 0x00007ffb68c0c000 	C:\WINDOWS\SYSTEM32\CRYPTBASE.dll
0x00007ffb68700000 - 0x00007ffb6873b000 	C:\WINDOWS\SYSTEM32\IPHLPAPI.DLL
0x00007ffb6ae40000 - 0x00007ffb6ae48000 	C:\WINDOWS\System32\NSI.dll
0x00007ffb60c90000 - 0x00007ffb60ca7000 	C:\WINDOWS\SYSTEM32\dhcpcsvc6.DLL
0x00007ffb61260000 - 0x00007ffb6127d000 	C:\WINDOWS\SYSTEM32\dhcpcsvc.DLL
0x00007ffb68740000 - 0x00007ffb6880b000 	C:\WINDOWS\SYSTEM32\DNSAPI.dll
0x00007ffb60570000 - 0x00007ffb60597000 	C:\Users\sevil\.jdks\temurin-11.0.18\bin\sunec.dll
0x00007ffb5edd0000 - 0x00007ffb5edda000 	C:\Windows\System32\rasadhlp.dll
0x00007ffb5ee10000 - 0x00007ffb5ee90000 	C:\WINDOWS\System32\fwpuclnt.dll

dbghelp: loaded successfully - version: 4.0.5 - missing functions: none
symbol engine: initialized successfully - sym options: 0x614 - pdb path: .;C:\Users\sevil\.jdks\temurin-11.0.18\bin;C:\WINDOWS\SYSTEM32;C:\WINDOWS\WinSxS\amd64_microsoft.windows.common-controls_6595b64144ccf1df_6.0.19041.1110_none_60b5254171f9507e;C:\Users\sevil\.jdks\temurin-11.0.18\bin\server;C:\Program Files\JetBrains\IntelliJ IDEA Community Edition 2022.3.1\bin

VM Arguments:
jvm_args: -ea -Didea.test.cyclic.buffer.size=1048576 -javaagent:C:\Program Files\JetBrains\IntelliJ IDEA Community Edition 2022.3.1\lib\idea_rt.jar=59126:C:\Program Files\JetBrains\IntelliJ IDEA Community Edition 2022.3.1\bin -Dfile.encoding=UTF-8 
java_command: com.intellij.rt.testng.RemoteTestNGStarter -usedefaultlisteners false -socket59125 @w@C:\Users\sevil\AppData\Local\Temp\idea_working_dirs_testng.tmp -temp C:\Users\sevil\AppData\Local\Temp\idea_testng.tmp
java_class_path (initial): C:\Program Files\JetBrains\IntelliJ IDEA Community Edition 2022.3.1\lib\idea_rt.jar;C:\Program Files\JetBrains\IntelliJ IDEA Community Edition 2022.3.1\plugins\testng\lib\testng-rt.jar;C:\Users\sevil\IdeaProjects\com.MealsCenter\target\test-classes;C:\Users\sevil\.m2\repository\org\seleniumhq\selenium\selenium-java\4.8.0\selenium-java-4.8.0.jar;C:\Users\sevil\.m2\repository\org\seleniumhq\selenium\selenium-chrome-driver\4.8.0\selenium-chrome-driver-4.8.0.jar;C:\Users\sevil\.m2\repository\com\google\guava\guava\31.1-jre\guava-31.1-jre.jar;C:\Users\sevil\.m2\repository\com\google\guava\failureaccess\1.0.1\failureaccess-1.0.1.jar;C:\Users\sevil\.m2\repository\com\google\guava\listenablefuture\9999.0-empty-to-avoid-conflict-with-guava\listenablefuture-9999.0-empty-to-avoid-conflict-with-guava.jar;C:\Users\sevil\.m2\repository\com\google\code\findbugs\jsr305\3.0.2\jsr305-3.0.2.jar;C:\Users\sevil\.m2\repository\org\checkerframework\checker-qual\3.12.0\checker-qual-3.12.0.jar;C:\Users\sevil\.m2\repository\com\google\errorprone\error_prone_annotations\2.11.0\error_prone_annotations-2.11.0.jar;C:\Users\sevil\.m2\repository\com\google\j2objc\j2objc-annotations\1.3\j2objc-annotations-1.3.jar;C:\Users\sevil\.m2\repository\org\seleniumhq\selenium\selenium-chromium-driver\4.8.0\selenium-chromium-driver-4.8.0.jar;C:\Users\sevil\.m2\repository\org\seleniumhq\selenium\selenium-json\4.8.0\selenium-json-4.8.0.jar;C:\Users\sevil\.m2\repository\org\seleniumhq\selenium\selenium-devtools-v107\4.8.0\selenium-devtools-v107-4.8.0.jar;C:\Users\sevil\.m2\repository\org\seleniumhq\selenium\selenium-devtools-v108\4.8.0\selenium-devtools-v108-4.8.0.jar;C:\Users\sevil\.m2\repository\org\seleniumhq\selenium\selenium-devtools-v109\4.8.0\selenium-devtools-v109-4.8.0.jar;C:\Users\sevil\.m2\repository\org\seleniumhq\selenium\selenium-devtools-v85\4.8.0\selenium-devtools-v85-4.8.0.jar;C:\Users\sevil\.m2\repository\org\seleniumhq\selenium\selenium-edge-driver\4.8.0\selenium-e
Launcher Type: SUN_STANDARD

[Global flags]
     intx CICompilerCount                          = 3                                         {product} {ergonomic}
     uint ConcGCThreads                            = 1                                         {product} {ergonomic}
     uint G1ConcRefinementThreads                  = 4                                         {product} {ergonomic}
   size_t G1HeapRegionSize                         = 1048576                                   {product} {ergonomic}
    uintx GCDrainStackTargetSize                   = 64                                        {product} {ergonomic}
   size_t InitialHeapSize                          = 134217728                                 {product} {ergonomic}
   size_t MarkStackSize                            = 4194304                                   {product} {ergonomic}
   size_t MaxHeapSize                              = 2122317824                                {product} {ergonomic}
   size_t MaxNewSize                               = 1272971264                                {product} {ergonomic}
   size_t MinHeapDeltaBytes                        = 1048576                                   {product} {ergonomic}
    uintx NonNMethodCodeHeapSize                   = 5830732                                {pd product} {ergonomic}
    uintx NonProfiledCodeHeapSize                  = 122913754                              {pd product} {ergonomic}
    uintx ProfiledCodeHeapSize                     = 122913754                              {pd product} {ergonomic}
    uintx ReservedCodeCacheSize                    = 251658240                              {pd product} {ergonomic}
     bool SegmentedCodeCache                       = true                                      {product} {ergonomic}
     bool UseCompressedClassPointers               = true                                 {lp64_product} {ergonomic}
     bool UseCompressedOops                        = true                                 {lp64_product} {ergonomic}
     bool UseG1GC                                  = true                                      {product} {ergonomic}
     bool UseLargePagesIndividualAllocation        = false                                  {pd product} {ergonomic}

Logging:
Log output configuration:
 #0: stdout all=warning uptime,level,tags
 #1: stderr all=off uptime,level,tags

Environment Variables:
JAVA_HOME=C:\Program Files\Java\jdk-19
PATH=C:\Program Files\Common Files\Oracle\Java\javapath;C:\Program Files (x86)\Intel\Intel(R) Management Engine Components\iCLS\;C:\Program Files\Intel\Intel(R) Management Engine Components\iCLS\;C:\WINDOWS\system32;C:\WINDOWS;C:\WINDOWS\System32\Wbem;C:\WINDOWS\System32\WindowsPowerShell\v1.0\;C:\WINDOWS\System32\OpenSSH\;C:\Program Files (x86)\Intel\Intel(R) Management Engine Components\DAL;C:\Program Files\Intel\Intel(R) Management Engine Components\DAL;C:\Program Files (x86)\Intel\Intel(R) Management Engine Components\IPT;C:\Program Files\Intel\Intel(R) Management Engine Components\IPT;C:\Program Files\Intel\WiFi\bin\;C:\Program Files\Common Files\Intel\WirelessCommon\;C:\Program Files\Git\cmd;C:\Program Files\apache-maven-3.9.0\bin;C:\Program Files\Java\jdk-19\bin;C:\Program Files\apache-maven-3.9.0\bin;C:\Program Files\MySQL\MySQL Shell 8.0\bin\;C:\Users\sevil\AppData\Local\Microsoft\WindowsApps;;C:\Users\sevil\AppData\Local\Programs\Microsoft VS Code\bin
USERNAME=sevil
OS=Windows_NT
PROCESSOR_IDENTIFIER=Intel64 Family 6 Model 142 Stepping 9, GenuineIntel
TMP=C:\Users\sevil\AppData\Local\Temp
TEMP=C:\Users\sevil\AppData\Local\Temp



---------------  S Y S T E M  ---------------

OS: Windows 10 , 64 bit Build 19041 (10.0.19041.2546)
OS uptime: 11 days 20:35 hours

CPU:total 4 (initial active 4) (2 cores per cpu, 2 threads per core) family 6 model 142 stepping 9 microcode 0xf0, cmov, cx8, fxsr, mmx, sse, sse2, sse3, ssse3, sse4.1, sse4.2, popcnt, avx, avx2, aes, clmul, erms, 3dnowpref, lzcnt, ht, tsc, tscinvbit, bmi1, bmi2, adx, fma

Memory: 4k page, system-wide physical 8089M (307M free)
TotalPageFile size 32665M (AvailPageFile size 0M)
current process WorkingSet (physical memory assigned to process): 116M, peak: 116M
current process commit charge ("private bytes"): 234M, peak: 235M

vm_info: OpenJDK 64-Bit Server VM (11.0.18+10) for windows-amd64 JRE (11.0.18+10), built on Jan 18 2023 04:27:27 by "" with MS VC++ 16.7 (VS2019)

END.
